c:\users\syedm\source\repos\project9\project9\debug\vc142.pdb
c:\users\syedm\source\repos\project9\project9\debug\.netframework,version=v4.6.1.assemblyattributes.obj
c:\users\syedm\source\repos\project9\project9\debug\myform.obj
c:\users\syedm\source\repos\project9\project9\debug\project9.myform.resources
c:\users\syedm\source\repos\project9\debug\project9.pdb
c:\users\syedm\source\repos\project9\project9\debug\project9.tlog\cl.command.1.tlog
c:\users\syedm\source\repos\project9\project9\debug\project9.tlog\cl.read.1.tlog
c:\users\syedm\source\repos\project9\project9\debug\project9.tlog\cl.write.1.tlog
c:\users\syedm\source\repos\project9\project9\debug\project9.tlog\link.3924-cvtres.read.1.tlog
c:\users\syedm\source\repos\project9\project9\debug\project9.tlog\link.3924-cvtres.write.1.tlog
c:\users\syedm\source\repos\project9\project9\debug\project9.tlog\link.3924-rc.read.1.tlog
c:\users\syedm\source\repos\project9\project9\debug\project9.tlog\link.3924-rc.write.1.tlog
c:\users\syedm\source\repos\project9\project9\debug\project9.tlog\link.3924.read.1.tlog
c:\users\syedm\source\repos\project9\project9\debug\project9.tlog\link.3924.write.1.tlog
c:\users\syedm\source\repos\project9\project9\debug\project9.tlog\link.command.1.tlog
c:\users\syedm\source\repos\project9\project9\debug\project9.tlog\link.read.1.tlog
c:\users\syedm\source\repos\project9\project9\debug\project9.tlog\link.write.1.tlog
c:\users\syedm\source\repos\project9\project9\debug\project9.tlog\metagen.read.1.tlog
c:\users\syedm\source\repos\project9\project9\debug\project9.tlog\metagen.write.1.tlog
c:\users\syedm\source\repos\project9\project9\debug\project9.tlog\project9.write.1u.tlog
